<?xml version="1.0" encoding="UTF-8"?>
<robot generator="Robot 7.2.2 (Python 3.13.1 on darwin)" generated="2025-02-25T15:07:48.608985" rpa="false" schemaversion="5">
<suite id="s1" name="Login Test" source="/Users/cwilfrid/AquaProjects/poc-robot-framework-playwright/tests/login_test.robot">
<kw name="Ouvrir Le Navigateur" owner="common" type="SETUP">
<kw name="New Browser" owner="Browser">
<msg time="2025-02-25T15:07:48.696896" level="INFO">{"browser": "chromium", "headless": false, "chromiumSandbox": false, "devtools": false, "handleSIGHUP": true, "handleSIGINT": true, "handleSIGTERM": true, "slowMo": 0.0, "timeout": 30000.0, "tracesDir": "/Users/cwilfrid/AquaProjects/poc-robot-framework-playwright/results/browser/traces/temp/41d03000-ab73-4c77-8ee3-e633e37d9b3b"}</msg>
<msg time="2025-02-25T15:07:48.757573" level="INFO">Starting Browser process /Users/cwilfrid/AquaProjects/poc-robot-framework-playwright/.venv/lib/python3.13/site-packages/Browser/wrapper/index.js using port 54583</msg>
<msg time="2025-02-25T15:07:48.757703" level="INFO">Node startup parameters: ['node', '/Users/cwilfrid/AquaProjects/poc-robot-framework-playwright/.venv/lib/python3.13/site-packages/Browser/wrapper/index.js', '54583']</msg>
<msg time="2025-02-25T15:07:50.589166" level="INFO">Successfully created browser with options: {"browser":"chromium","headless":false,"chromiumSandbox":false,"devtools":false,"handleSIGHUP":true,"handleSIGINT":true,"handleSIGTERM":true,"slowMo":0,"timeout":30000,"tracesDir":"/Users/cwilfrid/AquaProjects/poc-robot-framework-playwright/results/browser/traces/temp/41d03000-ab73-4c77-8ee3-e633e37d9b3b"}</msg>
<arg>browser=${BROWSER}</arg>
<arg>headless=${HEADLESS}</arg>
<tag>BrowserControl</tag>
<tag>Setter</tag>
<doc>Create a new playwright Browser with specified options.</doc>
<status status="PASS" start="2025-02-25T15:07:48.696616" elapsed="1.892834"/>
</kw>
<kw name="New Page" owner="Browser">
<msg time="2025-02-25T15:07:51.270052" level="INFO">Successfully initialized new page object and opened url: https://www.saucedemo.com</msg>
<msg time="2025-02-25T15:07:51.270117" level="INFO">No context was open. New context was automatically opened when this page is created.</msg>
<arg>${URL}</arg>
<tag>BrowserControl</tag>
<tag>Setter</tag>
<doc>Open a new Page.</doc>
<status status="PASS" start="2025-02-25T15:07:50.589769" elapsed="0.680494"/>
</kw>
<status status="PASS" start="2025-02-25T15:07:48.696385" elapsed="2.573987"/>
</kw>
<test id="s1-t1" name="Test De Login UI" line="18">
<kw name="Entrer le username" owner="login_page">
<kw name="Fill Text" owner="Browser">
<msg time="2025-02-25T15:07:51.277148" level="INFO">Fills the text 'standard_user' in the given field.</msg>
<arg>${USERNAME_INPUT}</arg>
<arg>${username}</arg>
<tag>PageContent</tag>
<tag>Setter</tag>
<doc>Clears and fills the given ``txt`` into the text field found by ``selector``.</doc>
<status status="PASS" start="2025-02-25T15:07:51.276870" elapsed="0.019977"/>
</kw>
<arg>${USERNAME}</arg>
<status status="PASS" start="2025-02-25T15:07:51.276572" elapsed="0.020361"/>
</kw>
<kw name="Entrer le password" owner="login_page">
<kw name="Fill Text" owner="Browser">
<msg time="2025-02-25T15:07:51.298042" level="INFO">Fills the text 'secret_sauce' in the given field.</msg>
<arg>${PASSWORD_INPUT}</arg>
<arg>${password}</arg>
<tag>PageContent</tag>
<tag>Setter</tag>
<doc>Clears and fills the given ``txt`` into the text field found by ``selector``.</doc>
<status status="PASS" start="2025-02-25T15:07:51.297701" elapsed="0.026753"/>
</kw>
<arg>${PASSWORD}</arg>
<status status="PASS" start="2025-02-25T15:07:51.297399" elapsed="0.027128"/>
</kw>
<kw name="Login" owner="login_page">
<kw name="Click" owner="Browser">
<msg time="2025-02-25T15:07:51.325077" level="INFO">Clicks the element '#login-button'.</msg>
<arg>${LOGIN_BUTTON}</arg>
<tag>PageContent</tag>
<tag>Setter</tag>
<doc>Simulates mouse click on the element found by ``selector``.</doc>
<status status="PASS" start="2025-02-25T15:07:51.324849" elapsed="0.051570"/>
</kw>
<status status="PASS" start="2025-02-25T15:07:51.324663" elapsed="0.051833"/>
</kw>
<msg time="2025-02-25T15:07:51.378024" level="INFO">Set timeout to: 10000</msg>
<status status="PASS" start="2025-02-25T15:07:51.270476" elapsed="0.106129"/>
</test>
<test id="s1-t2" name="Test API" line="23">
<kw name="get request" owner="custom_libs_api">
<kw name="Http" owner="Browser">
<msg time="2025-02-25T15:07:51.741185" level="INFO">{'status': 405, 'body': '&lt;?xml version="1.0" encoding="UTF-8" standalone="yes"?&gt;&lt;apiResponse&gt;&lt;type&gt;unknown&lt;/type&gt;&lt;/apiResponse&gt;', 'headers': {'content-length': '102', 'content-type': 'application/xml'}, 'type': 'cors', 'statusText': '', 'url': 'https://petstore.swagger.io/v2/pet/', 'ok': False, 'redirected': False}</msg>
<msg time="2025-02-25T15:07:51.741593" level="INFO">${response} = {'status': 405, 'body': '&lt;?xml version="1.0" encoding="UTF-8" standalone="yes"?&gt;&lt;apiResponse&gt;&lt;type&gt;unknown&lt;/type&gt;&lt;/apiResponse&gt;', 'headers': {'content-length': '102', 'content-type': 'application/xml'...</msg>
<var>${response}</var>
<arg>${url}</arg>
<arg>GET</arg>
<tag>HTTP</tag>
<doc>Performs an HTTP request in the current browser context</doc>
<status status="PASS" start="2025-02-25T15:07:51.382375" elapsed="0.359252"/>
</kw>
<kw name="Should Be Equal" owner="BuiltIn">
<msg time="2025-02-25T15:07:51.742776" level="FAIL">405 != 200</msg>
<arg>${response.status}</arg>
<arg>${200}</arg>
<doc>Fails if the given objects are unequal.</doc>
<status status="FAIL" start="2025-02-25T15:07:51.741831" elapsed="0.001152">405 != 200</status>
</kw>
<arg>${API_URL}</arg>
<status status="FAIL" start="2025-02-25T15:07:51.382167" elapsed="0.360948">405 != 200</status>
</kw>
<kw name="post request" owner="custom_libs_api">
<arg>${API_URL}</arg>
<status status="NOT RUN" start="2025-02-25T15:07:51.743313" elapsed="0.000088"/>
</kw>
<msg time="2025-02-25T15:07:51.745443" level="INFO">Set timeout to: 10000</msg>
<status status="FAIL" start="2025-02-25T15:07:51.380233" elapsed="0.363312">405 != 200</status>
</test>
<kw name="Fermer Le Navigateur" owner="common" type="TEARDOWN">
<kw name="Close Browser" owner="Browser">
<msg time="2025-02-25T15:07:51.849619" level="INFO">Closed browser</msg>
<tag>BrowserControl</tag>
<tag>Setter</tag>
<doc>Closes the current browser.</doc>
<status status="PASS" start="2025-02-25T15:07:51.748585" elapsed="0.101119"/>
</kw>
<status status="PASS" start="2025-02-25T15:07:51.748335" elapsed="0.101421"/>
</kw>
<status status="FAIL" start="2025-02-25T15:07:48.609455" elapsed="3.240319"/>
</suite>
<statistics>
<total>
<stat pass="1" fail="1" skip="0">All Tests</stat>
</total>
<tag>
</tag>
<suite>
<stat name="Login Test" id="s1" pass="1" fail="1" skip="0">Login Test</stat>
</suite>
</statistics>
<errors>
</errors>
</robot>
